batch 0 done
batch 1 done
batch 2 done
batch 3 done
batch 4 done
batch 5 done
batch 6 done
batch 7 done
batch 8 done
batch 9 done
batch 10 done
batch 11 done
batch 12 done
batch 13 done
batch 14 done
batch 15 done
batch 16 done
batch 17 done
batch 18 done
batch 19 done
batch 20 done
batch 21 done
batch 22 done
batch 23 done
batch 24 done
batch 25 done
batch 26 done
batch 27 done
batch 28 done
batch 29 done
batch 30 done
batch 31 done
batch 32 done
batch 33 done
batch 34 done
batch 35 done
batch 36 done
batch 37 done
batch 38 done
batch 39 done
batch 40 done
batch 41 done
batch 42 done
batch 43 done
batch 44 done
batch 45 done
batch 46 done
batch 47 done
batch 48 done
batch 49 done
batch 50 done
batch 51 done
batch 52 done
batch 53 done
batch 54 done
batch 55 done
batch 56 done
batch 57 done
batch 58 done
batch 59 done
batch 60 done
batch 61 done
batch 62 done
batch 63 done
batch 64 done
batch 65 done
batch 66 done
batch 67 done
batch 68 done
batch 69 done
batch 70 done
batch 71 done
batch 72 done
batch 73 done
batch 74 done
batch 75 done
batch 76 done
batch 77 done
batch 78 done
batch 79 done
batch 80 done
batch 81 done
batch 82 done
batch 83 done
batch 84 done
batch 85 done
batch 86 done
batch 87 done
batch 88 done
batch 89 done
batch 90 done
batch 91 done
batch 92 done
batch 93 done
batch 94 done
batch 95 done
batch 96 done
batch 97 done
batch 98 done
batch 99 done
batch 100 done
batch 101 done
batch 102 done
batch 103 done
batch 104 done
batch 105 done
batch 106 done
batch 107 done
batch 108 done
batch 109 done
batch 110 done
batch 111 done
batch 112 done
batch 113 done
batch 114 done
batch 115 done
batch 116 done
batch 117 done
batch 118 done
batch 119 done
batch 120 done
batch 121 done
batch 122 done
batch 123 done
batch 124 done
batch 125 done
batch 126 done
batch 127 done
batch 128 done
batch 129 done
batch 130 done
batch 131 done
batch 132 done
batch 133 done
batch 134 done
batch 135 done
batch 136 done
batch 137 done
batch 138 done
batch 139 done
batch 140 done
batch 141 done
batch 142 done
batch 143 done
batch 144 done
batch 145 done
batch 146 done
batch 147 done
batch 148 done
batch 149 done
batch 150 done
batch 151 done
batch 152 done
batch 153 done
batch 154 done
batch 155 done
batch 156 done
batch 157 done
batch 158 done
batch 159 done
batch 160 done
batch 161 done
batch 162 done
batch 163 done
batch 164 done
batch 165 done
batch 166 done
batch 167 done
batch 168 done
batch 169 done
batch 170 done
batch 171 done
batch 172 done
batch 173 done
batch 174 done
batch 175 done
batch 176 done
batch 177 done
batch 178 done
batch 179 done
batch 180 done
batch 181 done
batch 182 done
batch 183 done
batch 184 done
batch 185 done
batch 186 done
batch 187 done
batch 188 done
batch 189 done
batch 190 done
batch 191 done
batch 192 done
batch 193 done
batch 194 done
batch 195 done
batch 196 done
batch 197 done
batch 198 done
batch 199 done
batch 200 done
batch 201 done
batch 202 done
batch 203 done
batch 204 done
batch 205 done
batch 206 done
batch 207 done
batch 208 done
batch 209 done
batch 210 done
batch 211 done
batch 212 done
batch 213 done
batch 214 done
batch 215 done
batch 216 done
batch 217 done
batch 218 done
batch 219 done
batch 220 done
batch 221 done
batch 222 done
batch 223 done
batch 224 done
batch 225 done
batch 226 done
batch 227 done
batch 228 done
batch 229 done
batch 230 done
batch 231 done
batch 232 done
batch 233 done
batch 234 done
batch 235 done
batch 236 done
batch 237 done
batch 238 done
batch 239 done
batch 240 done
batch 241 done
batch 242 done
batch 243 done
batch 244 done
batch 245 done
batch 246 done
batch 247 done
batch 248 done
batch 249 done
batch 250 done
batch 251 done
batch 252 done
batch 253 done
batch 254 done
batch 255 done
batch 256 done
batch 257 done
batch 258 done
batch 259 done
batch 260 done
batch 261 done
batch 262 done
batch 263 done
batch 264 done
batch 265 done
batch 266 done
batch 267 done
batch 268 done
batch 269 done
batch 270 done
batch 271 done
batch 272 done
batch 273 done
batch 274 done
batch 275 done
batch 276 done
batch 277 done
batch 278 done
batch 279 done
batch 280 done
batch 281 done
batch 282 done
batch 283 done
batch 284 done
batch 285 done
batch 286 done
batch 287 done
batch 288 done
batch 289 done
batch 290 done
batch 291 done
batch 292 done
batch 293 done
batch 294 done
batch 295 done
batch 296 done
batch 297 done
batch 298 done
batch 299 done
batch 300 done
batch 301 done
batch 302 done
batch 303 done
batch 304 done
batch 305 done
batch 306 done
batch 307 done
batch 308 done
batch 309 done
batch 310 done
batch 311 done
batch 312 done
batch 313 done
batch 314 done
batch 315 done
batch 316 done
batch 317 done
batch 318 done
batch 319 done
batch 320 done
batch 321 done
batch 322 done
batch 323 done
batch 324 done
batch 325 done
batch 326 done
batch 327 done
batch 328 done
batch 329 done
batch 330 done
batch 331 done
batch 332 done
batch 333 done
batch 334 done
batch 335 done
batch 336 done
batch 337 done
batch 338 done
batch 339 done
batch 340 done
batch 341 done
batch 342 done
batch 343 done
batch 344 done
batch 345 done
batch 346 done
batch 347 done
batch 348 done
batch 349 done
batch 350 done
batch 351 done
batch 352 done
batch 353 done
batch 354 done
batch 355 done
batch 356 done
batch 357 done
batch 358 done
batch 359 done
batch 360 done
batch 361 done
batch 362 done
batch 363 done
batch 364 done
batch 365 done
batch 366 done
batch 367 done
batch 368 done
batch 369 done
batch 370 done
batch 371 done
batch 372 done
batch 373 done
batch 374 done
batch 375 done
batch 376 done
batch 377 done
batch 378 done
batch 379 done
batch 380 done
batch 381 done
batch 382 done
batch 383 done
batch 384 done
batch 385 done
batch 386 done
batch 387 done
batch 388 done
batch 389 done
batch 390 done
batch 391 done
batch 392 done
batch 393 done
batch 394 done
batch 395 done
batch 396 done
batch 397 done
batch 398 done
batch 399 done
batch 400 done
batch 401 done
batch 402 done
batch 403 done
batch 404 done
batch 405 done
batch 406 done
batch 407 done
batch 408 done
batch 409 done
batch 410 done
batch 411 done
batch 412 done
batch 413 done
batch 414 done
batch 415 done
batch 416 done
batch 417 done
batch 418 done
batch 419 done
batch 420 done
batch 421 done
batch 422 done
batch 423 done
batch 424 done
batch 425 done
batch 426 done
batch 427 done
batch 428 done
batch 429 done
batch 430 done
batch 431 done
batch 432 done
batch 433 done
batch 434 done
batch 435 done
batch 436 done
batch 437 done
batch 438 done
batch 439 done
batch 440 done
batch 441 done
batch 442 done
batch 443 done
batch 444 done
batch 445 done
batch 446 done
batch 447 done
batch 448 done
batch 449 done
batch 450 done
batch 451 done
batch 452 done
batch 453 done
batch 454 done
batch 455 done
batch 456 done
batch 457 done
batch 458 done
batch 459 done
batch 460 done
batch 461 done
batch 462 done
batch 463 done
batch 464 done
batch 465 done
batch 466 done
batch 467 done
batch 468 done
batch 469 done
batch 470 done
batch 471 done
batch 472 done
batch 473 done
batch 474 done
batch 475 done
batch 476 done
batch 477 done
batch 478 done
batch 479 done
batch 480 done
batch 481 done
batch 482 done
batch 483 done
batch 484 done
batch 485 done
batch 486 done
batch 487 done
batch 488 done
batch 489 done
batch 490 done
batch 491 done
batch 492 done
batch 493 done
batch 494 done
batch 495 done
batch 496 done
batch 497 done
batch 498 done
batch 499 done
batch 500 done
batch 501 done
batch 502 done
batch 503 done
batch 504 done
batch 505 done
batch 506 done
batch 507 done
batch 508 done
batch 509 done
batch 510 done
batch 511 done
batch 512 done
batch 513 done
batch 514 done
batch 515 done
batch 516 done
batch 517 done
batch 518 done
batch 519 done
batch 520 done
batch 521 done
batch 522 done
batch 523 done
batch 524 done
batch 525 done
batch 526 done
batch 527 done
batch 528 done
batch 529 done
batch 530 done
batch 531 done
batch 532 done
batch 533 done
batch 534 done
batch 535 done
batch 536 done
batch 537 done
batch 538 done
batch 539 done
batch 540 done
batch 541 done
batch 542 done
batch 543 done
batch 544 done
batch 545 done
batch 546 done
batch 547 done
batch 548 done
batch 549 done
batch 550 done
batch 551 done
batch 552 done
batch 553 done
batch 554 done
batch 555 done
batch 556 done
batch 557 done
batch 558 done
batch 559 done
batch 560 done
batch 561 done
batch 562 done
batch 563 done
batch 564 done
batch 565 done
batch 566 done
batch 567 done
batch 568 done
batch 569 done
batch 570 done
batch 571 done
batch 572 done
batch 573 done
batch 574 done
batch 575 done
batch 576 done
batch 577 done
batch 578 done
batch 579 done
batch 580 done
batch 581 done
batch 582 done
batch 583 done
batch 584 done
batch 585 done
batch 586 done
batch 587 done
batch 588 done
batch 589 done
batch 590 done
batch 591 done
batch 592 done
batch 593 done
batch 594 done
batch 595 done
batch 596 done
batch 597 done
batch 598 done
batch 599 done
batch 600 done
batch 601 done
batch 602 done
batch 603 done
batch 604 done
batch 605 done
batch 606 done
batch 607 done
batch 608 done
batch 609 done
batch 610 done
batch 611 done
batch 612 done
batch 613 done
batch 614 done
batch 615 done
batch 616 done
batch 617 done
batch 618 done
batch 619 done
batch 620 done
batch 621 done
batch 622 done
batch 623 done
batch 624 done
batch 625 done
batch 626 done
batch 627 done
batch 628 done
batch 629 done
batch 630 done
batch 631 done
batch 632 done
batch 633 done
batch 634 done
batch 635 done
batch 636 done
batch 637 done
batch 638 done
batch 639 done
batch 640 done
batch 641 done
batch 642 done
batch 643 done
batch 644 done
batch 645 done
batch 646 done
batch 647 done
batch 648 done
batch 649 done
batch 650 done
batch 651 done
batch 652 done
batch 653 done
batch 654 done
batch 655 done
batch 656 done
batch 657 done
batch 658 done
batch 659 done
batch 660 done
batch 661 done
batch 662 done
batch 663 done
batch 664 done
batch 665 done
batch 666 done
batch 667 done
batch 668 done
batch 669 done
batch 670 done
batch 671 done
batch 672 done
batch 673 done
batch 674 done
batch 675 done
batch 676 done
batch 677 done
batch 678 done
batch 679 done
batch 680 done
batch 681 done
batch 682 done
batch 683 done
batch 684 done
batch 685 done
batch 686 done
batch 687 done
batch 688 done
batch 689 done
batch 690 done
batch 691 done
batch 692 done
batch 693 done
batch 694 done
batch 695 done
batch 696 done
batch 697 done
batch 698 done
batch 699 done
batch 700 done
batch 701 done
batch 702 done
batch 703 done
batch 704 done
batch 705 done
batch 706 done
batch 707 done
batch 708 done
batch 709 done
batch 710 done
batch 711 done
batch 712 done
batch 713 done
batch 714 done
batch 715 done
batch 716 done
batch 717 done
batch 718 done
batch 719 done
batch 720 done
batch 721 done
batch 722 done
batch 723 done
batch 724 done
batch 725 done
batch 726 done
batch 727 done
batch 728 done
batch 729 done
batch 730 done
batch 731 done
batch 732 done
batch 733 done
batch 734 done
batch 735 done
batch 736 done
batch 737 done
batch 738 done
batch 739 done
batch 740 done
batch 741 done
batch 742 done
batch 743 done
batch 744 done
batch 745 done
batch 746 done
batch 747 done
batch 748 done
batch 749 done
batch 750 done
batch 751 done
batch 752 done
batch 753 done
batch 754 done
batch 755 done
batch 756 done
batch 757 done
batch 758 done
batch 759 done
batch 760 done
batch 761 done
batch 762 done
batch 763 done
batch 764 done
batch 765 done
batch 766 done
batch 767 done
batch 768 done
batch 769 done
batch 770 done
batch 771 done
batch 772 done
batch 773 done
batch 774 done
batch 775 done
batch 776 done
batch 777 done
batch 778 done
batch 779 done
batch 780 done
batch 781 done
batch 782 done
batch 783 done
batch 784 done
batch 785 done
batch 786 done
batch 787 done
batch 788 done
batch 789 done
batch 790 done
batch 791 done
batch 792 done
batch 793 done
batch 794 done
batch 795 done
batch 796 done
batch 797 done
batch 798 done
batch 799 done
batch 800 done
batch 801 done
batch 802 done
batch 803 done
batch 804 done
batch 805 done
batch 806 done
batch 807 done
batch 808 done
batch 809 done
batch 810 done
batch 811 done
batch 812 done
batch 813 done
batch 814 done
batch 815 done
batch 816 done
batch 817 done
batch 818 done
batch 819 done
batch 820 done
batch 821 done
batch 822 done
batch 823 done
batch 824 done
batch 825 done
batch 826 done
batch 827 done
batch 828 done
batch 829 done
batch 830 done
batch 831 done
batch 832 done
batch 833 done
batch 834 done
batch 835 done
batch 836 done
batch 837 done
batch 838 done
batch 839 done
batch 840 done
batch 841 done
batch 842 done
batch 843 done
batch 844 done
batch 845 done
batch 846 done
batch 847 done
batch 848 done
batch 849 done
batch 850 done
batch 851 done
batch 852 done
batch 853 done
batch 854 done
batch 855 done
batch 856 done
batch 857 done
batch 858 done
batch 859 done
batch 860 done
batch 861 done
batch 862 done
batch 863 done
batch 864 done
batch 865 done
batch 866 done
batch 867 done
batch 868 done
batch 869 done
batch 870 done
batch 871 done
batch 872 done
batch 873 done
batch 874 done
batch 875 done
batch 876 done
batch 877 done
batch 878 done
batch 879 done
batch 880 done
batch 881 done
batch 882 done
batch 883 done
batch 884 done
batch 885 done
batch 886 done
batch 887 done
batch 888 done
batch 889 done
batch 890 done
batch 891 done
batch 892 done
batch 893 done
batch 894 done
batch 895 done
batch 896 done
batch 897 done
batch 898 done
batch 899 done
batch 900 done
batch 901 done
batch 902 done
batch 903 done
batch 904 done
batch 905 done
batch 906 done
batch 907 done
batch 908 done
batch 909 done
batch 910 done
batch 911 done
batch 912 done
batch 913 done
batch 914 done
batch 915 done
batch 916 done
batch 917 done
batch 918 done
batch 919 done
batch 920 done
batch 921 done
batch 922 done
batch 923 done
batch 924 done
batch 925 done
batch 926 done
batch 927 done
batch 928 done
batch 929 done
batch 930 done
batch 931 done
batch 932 done
batch 933 done
batch 934 done
batch 935 done
batch 936 done
batch 937 done
batch 938 done
batch 939 done
batch 940 done
batch 941 done
batch 942 done
batch 943 done
batch 944 done
batch 945 done
batch 946 done
batch 947 done
batch 948 done
batch 949 done
batch 950 done
batch 951 done
batch 952 done
batch 953 done
batch 954 done
batch 955 done
batch 956 done
batch 957 done
batch 958 done
batch 959 done
batch 960 done
batch 961 done
batch 962 done
batch 963 done
batch 964 done
batch 965 done
batch 966 done
batch 967 done
batch 968 done
batch 969 done
batch 970 done
batch 971 done
batch 972 done
batch 973 done
batch 974 done
batch 975 done
batch 976 done
batch 977 done
batch 978 done
batch 979 done
batch 980 done
batch 981 done
batch 982 done
batch 983 done
batch 984 done
batch 985 done
batch 986 done
batch 987 done
batch 988 done
batch 989 done
batch 990 done
batch 991 done
batch 992 done
batch 993 done
batch 994 done
batch 995 done
batch 996 done
batch 997 done
batch 998 done
batch 999 done
batch 1000 done
batch 1001 done
batch 1002 done
batch 1003 done
batch 1004 done
batch 1005 done
batch 1006 done
batch 1007 done
batch 1008 done
batch 1009 done
batch 1010 done
batch 1011 done
batch 1012 done
batch 1013 done
batch 1014 done
batch 1015 done
batch 1016 done
batch 1017 done
batch 1018 done
batch 1019 done
batch 1020 done
batch 1021 done
batch 1022 done
batch 1023 done
batch 1024 done
batch 1025 done
batch 1026 done
batch 1027 done
batch 1028 done
batch 1029 done
batch 1030 done
batch 1031 done
batch 1032 done
batch 1033 done
batch 1034 done
batch 1035 done
batch 1036 done
batch 1037 done
batch 1038 done
batch 1039 done
batch 1040 done
batch 1041 done
batch 1042 done
batch 1043 done
batch 1044 done
batch 1045 done
batch 1046 done
batch 1047 done
batch 1048 done
batch 1049 done
batch 1050 done
batch 1051 done
batch 1052 done
batch 1053 done
batch 1054 done
batch 1055 done
batch 1056 done
batch 1057 done
batch 1058 done
batch 1059 done
batch 1060 done
batch 1061 done
batch 1062 done
batch 1063 done
batch 1064 done
batch 1065 done
batch 1066 done
batch 1067 done
batch 1068 done
batch 1069 done
batch 1070 done
batch 1071 done
batch 1072 done
batch 1073 done
batch 1074 done
batch 1075 done
batch 1076 done
batch 1077 done
batch 1078 done
batch 1079 done
batch 1080 done
batch 1081 done
batch 1082 done
batch 1083 done
batch 1084 done
batch 1085 done
batch 1086 done
batch 1087 done
batch 1088 done
batch 1089 done
batch 1090 done
batch 1091 done
batch 1092 done
batch 1093 done
batch 1094 done
batch 1095 done
batch 1096 done
batch 1097 done
batch 1098 done
batch 1099 done
batch 1100 done
batch 1101 done
batch 1102 done
batch 1103 done
batch 1104 done
batch 1105 done
batch 1106 done
batch 1107 done
batch 1108 done
batch 1109 done
batch 1110 done
batch 1111 done
batch 1112 done
batch 1113 done
batch 1114 done
batch 1115 done
batch 1116 done
batch 1117 done
batch 1118 done
batch 1119 done
batch 1120 done
batch 1121 done
batch 1122 done
batch 1123 done
batch 1124 done
batch 1125 done
batch 1126 done
batch 1127 done
batch 1128 done
batch 1129 done
batch 1130 done
batch 1131 done
batch 1132 done
batch 1133 done
batch 1134 done
batch 1135 done
batch 1136 done
batch 1137 done
batch 1138 done
batch 1139 done
batch 1140 done
batch 1141 done
batch 1142 done
batch 1143 done
batch 1144 done
batch 1145 done
batch 1146 done
batch 1147 done
batch 1148 done
batch 1149 done
batch 1150 done
batch 1151 done
batch 1152 done
batch 1153 done
batch 1154 done
batch 1155 done
batch 1156 done
batch 1157 done
batch 1158 done
batch 1159 done
batch 1160 done
batch 1161 done
batch 1162 done
batch 1163 done
batch 1164 done
batch 1165 done
batch 1166 done
batch 1167 done
batch 1168 done
batch 1169 done
batch 1170 done
batch 1171 done
batch 1172 done
batch 1173 done
batch 1174 done
batch 1175 done
batch 1176 done
batch 1177 done
batch 1178 done
batch 1179 done
batch 1180 done
batch 1181 done
batch 1182 done
batch 1183 done
batch 1184 done
batch 1185 done
batch 1186 done
batch 1187 done
batch 1188 done
batch 1189 done
batch 1190 done
batch 1191 done
batch 1192 done
batch 1193 done
batch 1194 done
batch 1195 done
batch 1196 done
batch 1197 done
batch 1198 done
batch 1199 done
batch 1200 done
batch 1201 done
batch 1202 done
batch 1203 done
batch 1204 done
batch 1205 done
batch 1206 done
batch 1207 done
batch 1208 done
batch 1209 done
batch 1210 done
batch 1211 done
batch 1212 done
batch 1213 done
batch 1214 done
batch 1215 done
batch 1216 done
batch 1217 done
batch 1218 done
batch 1219 done
batch 1220 done
batch 1221 done
batch 1222 done
batch 1223 done
batch 1224 done
batch 1225 done
batch 1226 done
batch 1227 done
batch 1228 done
batch 1229 done
batch 1230 done
batch 1231 done
batch 1232 done
batch 1233 done
batch 1234 done
batch 1235 done
batch 1236 done
batch 1237 done
batch 1238 done
batch 1239 done
batch 1240 done
batch 1241 done
batch 1242 done
batch 1243 done
batch 1244 done
batch 1245 done
batch 1246 done
batch 1247 done
batch 1248 done
batch 1249 done
batch 1250 done
batch 1251 done
batch 1252 done
batch 1253 done
batch 1254 done
batch 1255 done
batch 1256 done
batch 1257 done
batch 1258 done
batch 1259 done
batch 1260 done
batch 1261 done
batch 1262 done
batch 1263 done
batch 1264 done
batch 1265 done
batch 1266 done
batch 1267 done
batch 1268 done
batch 1269 done
batch 1270 done
batch 1271 done
batch 1272 done
batch 1273 done
batch 1274 done
batch 1275 done
batch 1276 done
batch 1277 done
batch 1278 done
batch 1279 done
batch 1280 done
batch 1281 done
batch 1282 done
batch 1283 done
batch 1284 done
batch 1285 done
batch 1286 done
batch 1287 done
batch 1288 done
batch 1289 done
batch 1290 done
batch 1291 done
batch 1292 done
batch 1293 done
batch 1294 done
batch 1295 done
batch 1296 done
batch 1297 done
batch 1298 done
batch 1299 done
batch 1300 done
batch 1301 done
batch 1302 done
batch 1303 done
batch 1304 done
batch 1305 done
batch 1306 done
batch 1307 done
batch 1308 done
batch 1309 done
batch 1310 done
batch 1311 done
batch 1312 done
batch 1313 done
batch 1314 done
batch 1315 done
batch 1316 done
batch 1317 done
batch 1318 done
batch 1319 done
batch 1320 done
batch 1321 done
batch 1322 done
batch 1323 done
batch 1324 done
batch 1325 done
batch 1326 done
batch 1327 done
batch 1328 done
batch 1329 done
batch 1330 done
batch 1331 done
batch 1332 done
batch 1333 done
batch 1334 done
batch 1335 done
batch 1336 done
batch 1337 done
batch 1338 done
batch 1339 done
batch 1340 done
batch 1341 done
batch 1342 done
batch 1343 done
batch 1344 done
Traceback (most recent call last):
  File "parser.py", line 20, in <mobatch 1346 done
Traceback (most recent call last):
  File "parser.py", line 20, in <module>
    Main(sys.argv);
  File "parser.py", line 13, in Main
    db_conn.saveInformation(data);
  File "/home/airanmehr/workspace/biocaddie/indexing/parser/dbModule/DBFactory.py", line 28, in saveInformation
    value[4], value[5], value[6], value[7],));
sqlite3.OperationalError: database or disk is full
batch 1347 done
Traceback (most recent call last):
  File "parser.py", line 20, in <module>
    Main(sys.argv);
  File "parser.py", line 13, in Main
    db_conn.saveInformation(data);
  File "/home/airanmehr/workspace/biocaddie/indexing/parser/dbModule/DBFactory.py", line 28, in saveInformation
    value[4], value[5], value[6], value[7],));
sqlite3.OperationalError: database or disk is full
batch 1348 done
Traceback (most recent call last):
  File "parser.py", line 20, in <module>
    Main(sys.argv);
  File "parser.py", line 13, in Main
    db_conn.saveInformation(data);
  File "/home/airanmehr/workspace/biocaddie/indexing/parser/dbModule/DBFactory.py", line 28, in saveInformation
    value[4], value[5], value[6], value[7],));
sqlite3.OperationalError: database or disk is full
batch 1349 done
Traceback (most recent call last):
  File "parser.py", line 20, in <module>
    Main(sys.argv);
  File "parser.py", line 13, in Main
    db_conn.saveInformation(data);
  File "/home/airanmehr/workspace/biocaddie/indexing/parser/dbModule/DBFactory.py", line 28, in saveInformation
    value[4], value[5], value[6], value[7],));
sqlite3.OperationalError: database or disk is full
batch 1350 done
Traceback (most recent call last):
  File "parser.py", line 20, in <module>
    Main(sys.argv);
  File "parser.py", line 13, in Main
    db_conn.saveInformation(data);
  File "/home/airanmehr/workspace/biocaddie/indexing/parser/dbModule/DBFactory.py", line 28, in saveInformation
    value[4], value[5], value[6], value[7],));
sqlite3.OperationalError: database or disk is full
batch 1351 done
Traceback (most recent call last):
  File "parser.py", line 20, in <module>
    Main(sys.argv);
  File "parser.py", line 13, in Main
    db_conn.saveInformation(data);
  File "/home/airanmehr/workspace/biocaddie/indexing/parser/dbModule/DBFactory.py", line 28, in saveInformation
    value[4], value[5], value[6], value[7],));
sqlite3.OperationalError: database or disk is full
batch 1352 done
Traceback (most recent call last):
  File "parser.py", line 20, in <module>
    Main(sys.argv);
  File "parser.py", line 13, in Main
    db_conn.saveInformation(data);
  File "/home/airanmehr/workspace/biocaddie/indexing/parser/dbModule/DBFactory.py", line 28, in saveInformation
    value[4], value[5], value[6], value[7],));
sqlite3.OperationalError: database or disk is full
batch 1353 done
Traceback (most recent call last):
  File "parser.py", line 20, in <module>
    Main(sys.argv);
  File "parser.py", line 13, in Main
    db_conn.saveInformation(data);
  File "/home/airanmehr/workspace/biocaddie/indexing/parser/dbModule/DBFactory.py", line 28, in saveInformation
    value[4], value[5], value[6], value[7],));
sqlite3.OperationalError: database or disk is full
batch 1354 done
Traceback (most recent call last):
  File "parser.py", line 20, in <module>
    Main(sys.argv);
  File "parser.py", line 13, in Main
    db_conn.saveInformation(data);
  File "/home/airanmehr/workspace/biocaddie/indexing/parser/dbModule/DBFactory.py", line 28, in saveInformation
    value[4], value[5], value[6], value[7],));
sqlite3.OperationalError: database or disk is full
batch 1355 done
Traceback (most recent call last):
  File "parser.py", line 20, in <module>
    Main(sys.argv);
  File "parser.py", line 13, in Main
    db_conn.saveInformation(data);
  File "/home/airanmehr/workspace/biocaddie/indexing/parser/dbModule/DBFactory.py", line 28, in saveInformation
    value[4], value[5], value[6], value[7],));
sqlite3.OperationalError: database or disk is full
batch 1356 done
Traceback (most recent call last):
  File "parser.py", line 20, in <module>
    Main(sys.argv);
  File "parser.py", line 13, in Main
    db_Traceback (most recent call last):
  File "parser.py", line 20, in <module>
    Main(sys.argv);
  File "parser.py", line 13, in Main
    db_conn.saveInformation(data);
  File "/home/airanmehr/workspace/biocaddie/indexing/parser/dbModule/DBFactory.py", line 28, in saveInformation
    value[4], value[5], value[6], value[7],));
sqlite3.OperationalError: database or disk is full
batch 1507 done
Traceback (most recent call last):
  File "parser.py", line 20, in <module>
    Main(sys.argv);
  File "parser.py", line 13, in Main
    db_conn.saveInformation(data);
  File "/home/airanmehr/workspace/biocaddie/indexing/parser/dbModule/DBFactory.py", line 28, in saveInformation
    value[4], value[5], value[6], value[7],));
sqlite3.OperationalError: database or disk is full
batch 1508 done
Traceback (most recent call last):
  File "parser.py", line 20, in <module>
    Main(sys.argv);
  File "parser.py", line 13, in Main
    db_conn.saveInformation(data);
  File "/home/airanmehr/workspace/biocaddie/indexing/parser/dbModule/DBFactory.py", line 28, in saveInformation
    value[4], value[5], value[6], value[7],));
sqlite3.OperationalError: database or disk is full
batch 1509 done
Traceback (most recent call last):
  File "parser.py", line 20, in <module>
    Main(sys.argv);
  File "parser.py", line 13, in Main
    db_conn.saveInformation(data);
  File "/home/airanmehr/workspace/biocaddie/indexing/parser/dbModule/DBFactory.py", line 28, in saveInformation
    value[4], value[5], value[6], value[7],));
sqlite3.OperationalError: database or disk is full
batch 1510 done
Traceback (most recent call last):
  File "parser.py", line 20, in <module>
    Main(sys.argv);
  File "parser.py", line 13, in Main
    db_conn.saveInformation(data);
  File "/home/airanmehr/workspace/biocaddie/indexing/parser/dbModule/DBFactory.py", line 28, in saveInformation
    value[4], value[5], value[6], value[7],));
sqlite3.OperationalError: database or disk is full
batch 1511 done
batch 1512 done
Traceback (most recent call last):
  File "parser.py", line 20, in <module>
    Main(sys.argv);
  File "parser.py", line 13, in Main
    db_conn.saveInformation(data);
  File "/home/airanmehr/workspace/biocaddie/indexing/parser/dbModule/DBFactory.py", line 28, in saveInformation
    value[4], value[5], value[6], value[7],));
sqlite3.OperationalError: database or disk is full
batch 1513 done
Traceback (most recent call last):
  File "parser.py", line 20, in <module>
    Main(sys.argv);
  File "parser.py", line 13, in Main
    db_conn.saveInformation(data);
  File "/home/airanmehr/workspace/biocaddie/indexing/parser/dbModule/DBFactory.py", line 28, in saveInformation
    value[4], value[5], value[6], value[7],));
sqlite3.OperationalError: database or disk is full
batch 1514 done
Traceback (most recent call last):
  File "parser.py", line 20, in <module>
    Main(sys.argv);
  File "parser.py", line 13, in Main
    db_conn.saveInformation(data);
  File "/home/airanmehr/workspace/biocaddie/indexing/parser/dbModule/DBFactory.py", line 28, in saveInformation
    value[4], value[5], value[6], value[7],));
sqlite3.OperationalError: database or disk is full
batch 1515 done
Traceback (most recent call last):
  File "parser.py", line 20, in <module>
    Main(sys.argv);
  File "parser.py", line 13, in Main
    db_conn.saveInformation(data);
  File "/home/airanmehr/workspace/biocaddie/indexing/parser/dbModule/DBFactory.py", line 28, in saveInformation
    value[4], value[5], value[6], value[7],));
sqlite3.OperationalError: database or disk is full
batch 1516 done
Traceback (most recent call last):
  File "parser.py", line 20, in <module>
    Main(sys.argv);
  File "parser.py", line 13, in Main
    db_conn.saveInformation(data);
  File "/home/airanmehr/workspace/biocaddie/indexing/parser/dbModule/DBFactory.py", line 28, in saveInformation
    value[4], value[5], value[6], value[7],));
sqlite3.OperationalError: database or disk is full
batch 1517 done
Traceback (most recent call last):
  File "parser.py", line 20, in <module>
    Main(sys.argv);
  File "parser.py", line 13, in Main
    db_Traceback (most recent call last):
  File "parser.py", line 20, in <module>
    Main(sys.argv);
  File "parser.py", line 13, in Main
    db_conn.saveInformation(data);
  File "/home/airanmehr/workspace/biocaddie/indexing/parser/dbModule/DBFactory.py", line 28, in saveInformation
    value[4], value[5], value[6], value[7],));
sqlite3.OperationalError: database or disk is full
batch 1548 done
Traceback (most recent call last):
  File "parser.py", line 20, in <module>
    Main(sys.argv);
  File "parser.py", line 13, in Main
    db_conn.saveInformation(data);
  File "/home/airanmehr/workspace/biocaddie/indexing/parser/dbModule/DBFactory.py", line 28, in saveInformation
    value[4], value[5], value[6], value[7],));
sqlite3.OperationalError: database or disk is full
batch 1549 done
Traceback (most recent call last):
  File "parser.py", line 20, in <module>
    Main(sys.argv);
  File "parser.py", line 13, in Main
    db_conn.saveInformation(data);
  File "/home/airanmehr/workspace/biocaddie/indexing/parser/dbModule/DBFactory.py", line 28, in saveInformation
    value[4], value[5], value[6], value[7],));
sqlite3.OperationalError: database or disk is full
batch 1550 done
Traceback (most recent call last):
  File "parser.py", line 20, in <module>
    Main(sys.argv);
  File "parser.py", line 13, in Main
    db_conn.saveInformation(data);
  File "/home/airanmehr/workspace/biocaddie/indexing/parser/dbModule/DBFactory.py", line 28, in saveInformation
    value[4], value[5], value[6], value[7],));
sqlite3.OperationalError: database or disk is full
batch 1551 done
Traceback (most recent call last):
  File "parser.py", line 20, in <module>
    Main(sys.argv);
  File "parser.py", line 13, in Main
    db_conn.saveInformation(data);
  File "/home/airanmehr/workspace/biocaddie/indexing/parser/dbModule/DBFactory.py", line 28, in saveInformation
    value[4], value[5], value[6], value[7],));
sqlite3.OperationalError: database or disk is full
batch 1552 done
Traceback (most recent call last):
  File "parser.py", line 20, in <module>
    Main(sys.argv);
  File "parser.py", line 13, in Main
    db_conn.saveInformation(data);
  File "/home/airanmehr/workspace/biocaddie/indexing/parser/dbModule/DBFactory.py", line 28, in saveInformation
    value[4], value[5], value[6], value[7],));
sqlite3.OperationalError: database or disk is full
batch 1553 done
Traceback (most recent call last):
  File "parser.py", line 20, in <module>
    Main(sys.argv);
  File "parser.py", line 13, in Main
    db_conn.saveInformation(data);
  File "/home/airanmehr/workspace/biocaddie/indexing/parser/dbModule/DBFactory.py", line 28, in saveInformation
    value[4], value[5], value[6], value[7],));
sqlite3.OperationalError: database or disk is full
batch 1554 done
Traceback (most recent call last):
  File "parser.py", line 20, in <module>
    Main(sys.argv);
  File "parser.py", line 13, in Main
    db_conn.saveInformation(data);
  File "/home/airanmehr/workspace/biocaddie/indexing/parser/dbModule/DBFactory.py", line 28, in saveInformation
    value[4], value[5], value[6], value[7],));
sqlite3.OperationalError: database or disk is full
batch 1555 done
Traceback (most recent call last):
  File "parser.py", line 20, in <module>
    Main(sys.argv);
  File "parser.py", line 13, in Main
    db_conn.saveInformation(data);
  File "/home/airanmehr/workspace/biocaddie/indexing/parser/dbModule/DBFactory.py", line 28, in saveInformation
    value[4], value[5], value[6], value[7],));
sqlite3.OperationalError: database or disk is full
batch 1556 done
Traceback (most recent call last):
  File "parser.py", line 20, in <module>
    Main(sys.argv);
  File "parser.py", line 13, in Main
    db_conn.saveInformation(data);
  File "/home/airanmehr/workspace/biocaddie/indexing/parser/dbModule/DBFactory.py", line 28, in saveInformation
    value[4], value[5], value[6], value[7],));
sqlite3.OperationalError: database or disk is full
batch 1557 done
Traceback (most recent call last):
  File "parser.py", line 20, in <module>
    Main(sys.argv);
  File "parser.py", line 13, in Main
    db_conn.saveInformaclose failed in file object destructor:
sys.excepthook is missing
lost sys.stderr
batch 1613 done
Traceback (most recent call last):
  File "parser.py", line 20, in <module>
    Main(sys.argv);
  File "parser.py", line 13, in Main
    db_conn.saveInformation(data);
  File "/home/airanmehr/workspace/biocaddie/indexing/parser/dbModule/DBFactory.py", line 28, in saveInformation
    value[4], value[5], value[6], value[7],));
sqlite3.OperationalError: database or disk is full
batch 1614 done
Traceback (most recent call last):
  File "parser.py", line 20, in <module>
    Main(sys.argv);
  File "parser.py", line 13, in Main
    db_conn.saveInformation(data);
  File "/home/airanmehr/workspace/biocaddie/indexing/parser/dbModule/DBFactory.py", line 28, in saveInformation
    value[4], value[5], value[6], value[7],));
sqlite3.OperationalError: database or disk is full
batch 1615 done
Traceback (most recent call last):
  File "parser.py", line 20, in <module>
    Main(sys.argv);
  File "parser.py", line 13, in Main
    db_conn.saveInformation(data);
  File "/home/airanmehr/workspace/biocaddie/indexing/parser/dbModule/DBFactory.py", line 28, in saveInformation
    value[4], value[5], value[6], value[7],));
sqlite3.OperationalError: database or disk is full
batch 1616 done
Traceback (most recent call last):
  File "parser.py", line 20, in <module>
    Main(sys.argv);
  File "parser.py", line 13, in Main
    db_conn.saveInformation(data);
  File "/home/airanmehr/workspace/biocaddie/indexing/parser/dbModule/DBFactory.py", line 28, in saveInformation
    value[4], value[5], value[6], value[7],));
sqlite3.OperationalError: database or disk is full
batch 1617 done
Traceback (most recent call last):
  File "parser.py", line 20, in <module>
    Main(sys.argv);
  File "parser.py", line 13, in Main
    db_conn.saveInformation(data);
  File "/home/airanmehr/workspace/biocaddie/indexing/parser/dbModule/DBFactory.py", line 28, in saveInformation
    value[4], value[5], value[6], value[7],));
sqlite3.OperationalError: database or disk is full
batch 1618 done
Traceback (most recent call last):
  File "parser.py", line 20, in <module>
    Main(sys.argv);
  File "parser.py", line 13, in Main
    db_conn.saveInformation(data);
  File "/home/airanmehr/workspace/biocaddie/indexing/parser/dbModule/DBFactory.py", line 28, in saveInformation
    value[4], value[5], value[6], value[7],));
sqlite3.OperationalError: database or disk is full
batch 1619 done
Traceback (most recent call last):
  File "parser.py", line 20, in <module>
    Main(sys.argv);
  File "parser.py", line 13, in Main
    db_conn.saveInformation(data);
  File "/home/airanmehr/workspace/biocaddie/indexing/parser/dbModule/DBFactory.py", line 28, in saveInformation
    value[4], value[5], value[6], value[7],));
sqlite3.OperationalError: database or disk is full
batch 1620 done
Traceback (most recent call last):
  File "parser.py", line 20, in <module>
    Main(sys.argv);
  File "parser.py", line 13, in Main
    db_conn.saveInformation(data);
  File "/home/airanmehr/workspace/biocaddie/indexing/parser/dbModule/DBFactory.py", line 28, in saveInformation
    value[4], value[5], value[6], value[7],));
sqlite3.OperationalError: database or disk is full
batch 1621 done
Traceback (most recent call last):
  File "parser.py", line 20, in <module>
    Main(sys.argv);
  File "parser.py", line 13, in Main
    db_conn.saveInformation(data);
  File "/home/airanmehr/workspace/biocaddie/indexing/parser/dbModule/DBFactory.py", line 28, in saveInformation
    value[4], value[5], value[6], value[7],));
sqlite3.OperationalError: database or disk is full
batch 1622 done
Traceback (most recent call last):
  File "parser.py", line 20, in <module>
    Main(sys.argv);
  File "parser.py", line 13, in Main
    db_conn.saveInformation(data);
  File "/home/airanmehr/workspace/biocaddie/indexing/parser/dbModule/DBFactory.py", line 28, in saveInformation
    value[4], value[5], value[6], value[7],));
sqlite3.OperationalError: database or disk is full
batch 1623 done
Traceback (most recent call last):
  File "parser.py", lin